0 info it worked if it ends with ok
1 verbose cli [ '/home/gonzalo/.nvm/versions/node/v5.10.1/bin/node',
1 verbose cli   '/home/gonzalo/.nvm/versions/node/v5.10.1/bin/npm',
1 verbose cli   'run',
1 verbose cli   'clean-install' ]
2 info using npm@3.8.3
3 info using node@v5.10.1
4 verbose run-script [ 'preclean-install', 'clean-install', 'postclean-install' ]
5 info lifecycle cookie-wrapper@0.0.2~preclean-install: cookie-wrapper@0.0.2
6 silly lifecycle cookie-wrapper@0.0.2~preclean-install: no script for preclean-install, continuing
7 info lifecycle cookie-wrapper@0.0.2~clean-install: cookie-wrapper@0.0.2
8 verbose lifecycle cookie-wrapper@0.0.2~clean-install: unsafe-perm in lifecycle true
9 verbose lifecycle cookie-wrapper@0.0.2~clean-install: PATH: /home/gonzalo/.nvm/versions/node/v5.10.1/lib/node_modules/npm/bin/node-gyp-bin:/home/gonzalo/projects/cookie-wrapper/node_modules/.bin:/home/gonzalo/.nvm/versions/node/v5.10.1/bin:/home/gonzalo/.nvm/versions/node/v5.10.1/bin:/sv/bin:/usr/lib64/qt-3.3/bin:/usr/lib64/ccache:/usr/local/bin:/usr/bin:/bin:/usr/local/sbin:/usr/sbin:/sbin:/home/gonzalo/bin
10 verbose lifecycle cookie-wrapper@0.0.2~clean-install: CWD: /home/gonzalo/projects/cookie-wrapper
11 silly lifecycle cookie-wrapper@0.0.2~clean-install: Args: [ '-c', 'rimraf ./node_modules ./dist && npm install' ]
12 info lifecycle cookie-wrapper@0.0.2~clean-install: Failed to exec clean-install script
13 verbose stack Error: cookie-wrapper@0.0.2 clean-install: `rimraf ./node_modules ./dist && npm install`
13 verbose stack spawn ENOENT
13 verbose stack     at ChildProcess.<anonymous> (/home/gonzalo/.nvm/versions/node/v5.10.1/lib/node_modules/npm/lib/utils/spawn.js:17:16)
13 verbose stack     at emitTwo (events.js:100:13)
13 verbose stack     at ChildProcess.emit (events.js:185:7)
13 verbose stack     at maybeClose (internal/child_process.js:850:16)
13 verbose stack     at Process.ChildProcess._handle.onexit (internal/child_process.js:215:5)
14 verbose pkgid cookie-wrapper@0.0.2
15 verbose cwd /home/gonzalo/projects/cookie-wrapper
16 error Linux 3.19.2-1.el6.elrepo.x86_64
17 error argv "/home/gonzalo/.nvm/versions/node/v5.10.1/bin/node" "/home/gonzalo/.nvm/versions/node/v5.10.1/bin/npm" "run" "clean-install"
18 error node v5.10.1
19 error npm  v3.8.3
20 error file sh
21 error code ELIFECYCLE
22 error errno ENOENT
23 error syscall spawn
24 error cookie-wrapper@0.0.2 clean-install: `rimraf ./node_modules ./dist && npm install`
24 error spawn ENOENT
25 error Failed at the cookie-wrapper@0.0.2 clean-install script 'rimraf ./node_modules ./dist && npm install'.
25 error Make sure you have the latest version of node.js and npm installed.
25 error If you do, this is most likely a problem with the cookie-wrapper package,
25 error not with npm itself.
25 error Tell the author that this fails on your system:
25 error     rimraf ./node_modules ./dist && npm install
25 error You can get information on how to open an issue for this project with:
25 error     npm bugs cookie-wrapper
25 error Or if that isn't available, you can get their info via:
25 error     npm owner ls cookie-wrapper
25 error There is likely additional logging output above.
26 verbose exit [ 1, true ]
